[0.090s] DEBUG:colcon:Command line arguments: ['/usr/bin/colcon', 'build']
[0.090s] DEBUG:colcon:Parsed command line arguments: Namespace(log_base=None, log_level=None, verb_name='build', build_base='build', install_base='install', merge_install=False, symlink_install=False, test_result_base=None, continue_on_error=False, executor='parallel', parallel_workers=8, event_handlers=None, ignore_user_meta=False, metas=['./colcon.meta'], base_paths=['.'], packages_ignore=None, packages_ignore_regex=None, paths=None, packages_up_to=None, packages_up_to_regex=None, packages_above=None, packages_above_and_dependencies=None, packages_above_depth=None, packages_select_by_dep=None, packages_skip_by_dep=None, packages_skip_up_to=None, packages_select_build_failed=False, packages_skip_build_finished=False, packages_select_test_failures=False, packages_skip_test_passed=False, packages_select=None, packages_skip=None, packages_select_regex=None, packages_skip_regex=None, packages_start=None, packages_end=None, allow_overriding=[], cmake_args=None, cmake_target=None, cmake_target_skip_unavailable=False, cmake_clean_cache=False, cmake_clean_first=False, cmake_force_configure=False, ament_cmake_args=None, catkin_cmake_args=None, catkin_skip_building_tests=False, mixin_files=None, mixin=None, verb_parser=<colcon_mixin.mixin.mixin_argument.MixinArgumentDecorator object at 0x774ccba22950>, verb_extension=<colcon_core.verb.build.BuildVerb object at 0x774ccbb738e0>, main=<bound method BuildVerb.main of <colcon_core.verb.build.BuildVerb object at 0x774ccbb738e0>>, mixin_verb=('build',))
[0.232s] Level 1:colcon.colcon_core.package_discovery:discover_packages(colcon_meta) check parameters
[0.232s] Level 1:colcon.colcon_core.package_discovery:discover_packages(recursive) check parameters
[0.232s] Level 1:colcon.colcon_core.package_discovery:discover_packages(ignore) check parameters
[0.232s] Level 1:colcon.colcon_core.package_discovery:discover_packages(path) check parameters
[0.232s] Level 1:colcon.colcon_core.package_discovery:discover_packages(colcon_meta) discover
[0.232s] Level 1:colcon.colcon_core.package_discovery:discover_packages(recursive) discover
[0.232s] INFO:colcon.colcon_core.package_discovery:Crawling recursively for packages in '/home/juhun/capstone_ws'
[0.232s] Level 1:colcon.colcon_core.package_identification:_identify(.) by extensions ['ignore', 'ignore_ament_install']
[0.232s] Level 1:colcon.colcon_core.package_identification:_identify(.) by extension 'ignore'
[0.232s] Level 1:colcon.colcon_core.package_identification:_identify(.) by extension 'ignore_ament_install'
[0.232s] Level 1:colcon.colcon_core.package_identification:_identify(.) by extensions ['colcon_pkg']
[0.232s] Level 1:colcon.colcon_core.package_identification:_identify(.) by extension 'colcon_pkg'
[0.232s] Level 1:colcon.colcon_core.package_identification:_identify(.) by extensions ['colcon_meta']
[0.232s] Level 1:colcon.colcon_core.package_identification:_identify(.) by extension 'colcon_meta'
[0.232s] Level 1:colcon.colcon_core.package_identification:_identify(.) by extensions ['ros']
[0.232s] Level 1:colcon.colcon_core.package_identification:_identify(.) by extension 'ros'
[0.241s] Level 1:colcon.colcon_core.package_identification:_identify(.) by extensions ['cmake', 'python']
[0.241s] Level 1:colcon.colcon_core.package_identification:_identify(.) by extension 'cmake'
[0.241s] Level 1:colcon.colcon_core.package_identification:_identify(.) by extension 'python'
[0.241s] Level 1:colcon.colcon_core.package_identification:_identify(.) by extensions ['python_setup_py']
[0.241s] Level 1:colcon.colcon_core.package_identification:_identify(.) by extension 'python_setup_py'
[0.242s] Level 1:colcon.colcon_core.package_identification:_identify(build) by extensions ['ignore', 'ignore_ament_install']
[0.242s] Level 1:colcon.colcon_core.package_identification:_identify(build) by extension 'ignore'
[0.242s] Level 1:colcon.colcon_core.package_identification:_identify(build) ignored
[0.242s] Level 1:colcon.colcon_core.package_identification:_identify(install) by extensions ['ignore', 'ignore_ament_install']
[0.242s] Level 1:colcon.colcon_core.package_identification:_identify(install) by extension 'ignore'
[0.242s] Level 1:colcon.colcon_core.package_identification:_identify(install) ignored
[0.242s] Level 1:colcon.colcon_core.package_identification:_identify(log) by extensions ['ignore', 'ignore_ament_install']
[0.242s] Level 1:colcon.colcon_core.package_identification:_identify(log) by extension 'ignore'
[0.242s] Level 1:colcon.colcon_core.package_identification:_identify(log) ignored
[0.242s] Level 1:colcon.colcon_core.package_identification:_identify(src) by extensions ['ignore', 'ignore_ament_install']
[0.242s] Level 1:colcon.colcon_core.package_identification:_identify(src) by extension 'ignore'
[0.242s] Level 1:colcon.colcon_core.package_identification:_identify(src) by extension 'ignore_ament_install'
[0.242s] Level 1:colcon.colcon_core.package_identification:_identify(src) by extensions ['colcon_pkg']
[0.242s] Level 1:colcon.colcon_core.package_identification:_identify(src) by extension 'colcon_pkg'
[0.242s] Level 1:colcon.colcon_core.package_identification:_identify(src) by extensions ['colcon_meta']
[0.242s] Level 1:colcon.colcon_core.package_identification:_identify(src) by extension 'colcon_meta'
[0.242s] Level 1:colcon.colcon_core.package_identification:_identify(src) by extensions ['ros']
[0.242s] Level 1:colcon.colcon_core.package_identification:_identify(src) by extension 'ros'
[0.242s] Level 1:colcon.colcon_core.package_identification:_identify(src) by extensions ['cmake', 'python']
[0.242s] Level 1:colcon.colcon_core.package_identification:_identify(src) by extension 'cmake'
[0.242s] Level 1:colcon.colcon_core.package_identification:_identify(src) by extension 'python'
[0.242s] Level 1:colcon.colcon_core.package_identification:_identify(src) by extensions ['python_setup_py']
[0.242s] Level 1:colcon.colcon_core.package_identification:_identify(src) by extension 'python_setup_py'
[0.243s] Level 1:colcon.colcon_core.package_identification:_identify(src/radar_sdk) by extensions ['ignore', 'ignore_ament_install']
[0.243s] Level 1:colcon.colcon_core.package_identification:_identify(src/radar_sdk) by extension 'ignore'
[0.243s] Level 1:colcon.colcon_core.package_identification:_identify(src/radar_sdk) by extension 'ignore_ament_install'
[0.243s] Level 1:colcon.colcon_core.package_identification:_identify(src/radar_sdk) by extensions ['colcon_pkg']
[0.243s] Level 1:colcon.colcon_core.package_identification:_identify(src/radar_sdk) by extension 'colcon_pkg'
[0.243s] Level 1:colcon.colcon_core.package_identification:_identify(src/radar_sdk) by extensions ['colcon_meta']
[0.243s] Level 1:colcon.colcon_core.package_identification:_identify(src/radar_sdk) by extension 'colcon_meta'
[0.243s] Level 1:colcon.colcon_core.package_identification:_identify(src/radar_sdk) by extensions ['ros']
[0.243s] Level 1:colcon.colcon_core.package_identification:_identify(src/radar_sdk) by extension 'ros'
[0.243s] Level 1:colcon.colcon_core.package_identification:_identify(src/radar_sdk) by extensions ['cmake', 'python']
[0.243s] Level 1:colcon.colcon_core.package_identification:_identify(src/radar_sdk) by extension 'cmake'
[0.271s] Level 1:colcon.colcon_core.package_identification:_identify(src/radar_sdk) by extension 'python'
[0.271s] DEBUG:colcon.colcon_core.package_identification:Package 'src/radar_sdk' with type 'cmake' and name 'rdk'
[0.272s] Level 1:colcon.colcon_core.package_identification:_identify(src/radar_sdk_ros) by extensions ['ignore', 'ignore_ament_install']
[0.272s] Level 1:colcon.colcon_core.package_identification:_identify(src/radar_sdk_ros) by extension 'ignore'
[0.272s] Level 1:colcon.colcon_core.package_identification:_identify(src/radar_sdk_ros) by extension 'ignore_ament_install'
[0.272s] Level 1:colcon.colcon_core.package_identification:_identify(src/radar_sdk_ros) by extensions ['colcon_pkg']
[0.272s] Level 1:colcon.colcon_core.package_identification:_identify(src/radar_sdk_ros) by extension 'colcon_pkg'
[0.272s] Level 1:colcon.colcon_core.package_identification:_identify(src/radar_sdk_ros) by extensions ['colcon_meta']
[0.272s] Level 1:colcon.colcon_core.package_identification:_identify(src/radar_sdk_ros) by extension 'colcon_meta'
[0.272s] Level 1:colcon.colcon_core.package_identification:_identify(src/radar_sdk_ros) by extensions ['ros']
[0.272s] Level 1:colcon.colcon_core.package_identification:_identify(src/radar_sdk_ros) by extension 'ros'
[0.274s] DEBUG:colcon.colcon_core.package_identification:Package 'src/radar_sdk_ros' with type 'ros.ament_python' and name 'radar_sdk_ros'
[0.274s] Level 1:colcon.colcon_core.package_discovery:discover_packages(recursive) using defaults
[0.274s] Level 1:colcon.colcon_core.package_discovery:discover_packages(ignore) discover
[0.274s] Level 1:colcon.colcon_core.package_discovery:discover_packages(ignore) using defaults
[0.274s] Level 1:colcon.colcon_core.package_discovery:discover_packages(path) discover
[0.274s] Level 1:colcon.colcon_core.package_discovery:discover_packages(path) using defaults
[0.301s] Level 1:colcon.colcon_core.package_discovery:discover_packages(prefix_path) check parameters
[0.301s] Level 1:colcon.colcon_core.package_discovery:discover_packages(prefix_path) discover
[0.302s] WARNING:colcon.colcon_ros.prefix_path.ament:The path '/home/juhun/capstone_ws/install/radar_sdk_ros' in the environment variable AMENT_PREFIX_PATH doesn't exist
[0.303s] DEBUG:colcon.colcon_installed_package_information.package_discovery:Found 0 installed packages in /home/juhun/capstone_ws/install
[0.303s] DEBUG:colcon.colcon_installed_package_information.package_discovery:Found 273 installed packages in /opt/ros/humble
[0.304s] Level 1:colcon.colcon_core.package_discovery:discover_packages(prefix_path) using defaults
[0.334s] Level 5:colcon.colcon_core.verb:set package 'radar_sdk_ros' build argument 'cmake_args' from command line to 'None'
[0.334s] Level 5:colcon.colcon_core.verb:set package 'radar_sdk_ros' build argument 'cmake_target' from command line to 'None'
[0.334s] Level 5:colcon.colcon_core.verb:set package 'radar_sdk_ros' build argument 'cmake_target_skip_unavailable' from command line to 'False'
[0.334s] Level 5:colcon.colcon_core.verb:set package 'radar_sdk_ros' build argument 'cmake_clean_cache' from command line to 'False'
[0.334s] Level 5:colcon.colcon_core.verb:set package 'radar_sdk_ros' build argument 'cmake_clean_first' from command line to 'False'
[0.334s] Level 5:colcon.colcon_core.verb:set package 'radar_sdk_ros' build argument 'cmake_force_configure' from command line to 'False'
[0.334s] Level 5:colcon.colcon_core.verb:set package 'radar_sdk_ros' build argument 'ament_cmake_args' from command line to 'None'
[0.334s] Level 5:colcon.colcon_core.verb:set package 'radar_sdk_ros' build argument 'catkin_cmake_args' from command line to 'None'
[0.334s] Level 5:colcon.colcon_core.verb:set package 'radar_sdk_ros' build argument 'catkin_skip_building_tests' from command line to 'False'
[0.334s] DEBUG:colcon.colcon_core.verb:Building package 'radar_sdk_ros' with the following arguments: {'ament_cmake_args': None, 'build_base': '/home/juhun/capstone_ws/build/radar_sdk_ros', 'catkin_cmake_args': None, 'catkin_skip_building_tests': False, 'cmake_args': None, 'cmake_clean_cache': False, 'cmake_clean_first': False, 'cmake_force_configure': False, 'cmake_target': None, 'cmake_target_skip_unavailable': False, 'install_base': '/home/juhun/capstone_ws/install/radar_sdk_ros', 'merge_install': False, 'path': '/home/juhun/capstone_ws/src/radar_sdk_ros', 'symlink_install': False, 'test_result_base': None}
[0.334s] Level 5:colcon.colcon_core.verb:set package 'rdk' build argument 'cmake_args' from command line to 'None'
[0.334s] Level 5:colcon.colcon_core.verb:set package 'rdk' build argument 'cmake_target' from command line to 'None'
[0.334s] Level 5:colcon.colcon_core.verb:set package 'rdk' build argument 'cmake_target_skip_unavailable' from command line to 'False'
[0.334s] Level 5:colcon.colcon_core.verb:set package 'rdk' build argument 'cmake_clean_cache' from command line to 'False'
[0.334s] Level 5:colcon.colcon_core.verb:set package 'rdk' build argument 'cmake_clean_first' from command line to 'False'
[0.334s] Level 5:colcon.colcon_core.verb:set package 'rdk' build argument 'cmake_force_configure' from command line to 'False'
[0.334s] Level 5:colcon.colcon_core.verb:set package 'rdk' build argument 'ament_cmake_args' from command line to 'None'
[0.334s] Level 5:colcon.colcon_core.verb:set package 'rdk' build argument 'catkin_cmake_args' from command line to 'None'
[0.334s] Level 5:colcon.colcon_core.verb:set package 'rdk' build argument 'catkin_skip_building_tests' from command line to 'False'
[0.334s] DEBUG:colcon.colcon_core.verb:Building package 'rdk' with the following arguments: {'ament_cmake_args': None, 'build_base': '/home/juhun/capstone_ws/build/rdk', 'catkin_cmake_args': None, 'catkin_skip_building_tests': False, 'cmake_args': None, 'cmake_clean_cache': False, 'cmake_clean_first': False, 'cmake_force_configure': False, 'cmake_target': None, 'cmake_target_skip_unavailable': False, 'install_base': '/home/juhun/capstone_ws/install/rdk', 'merge_install': False, 'path': '/home/juhun/capstone_ws/src/radar_sdk', 'symlink_install': False, 'test_result_base': None}
[0.335s] INFO:colcon.colcon_core.executor:Executing jobs using 'parallel' executor
[0.336s] DEBUG:colcon.colcon_parallel_executor.executor.parallel:run_until_complete
[0.336s] INFO:colcon.colcon_ros.task.ament_python.build:Building ROS package in '/home/juhun/capstone_ws/src/radar_sdk_ros' with build type 'ament_python'
[0.336s] Level 1:colcon.colcon_core.shell:create_environment_hook('radar_sdk_ros', 'ament_prefix_path')
[0.338s] INFO:colcon.colcon_core.plugin_system:Skipping extension 'colcon_core.shell.bat': Not used on non-Windows systems
[0.338s] INFO:colcon.colcon_core.shell:Creating environment hook '/home/juhun/capstone_ws/install/radar_sdk_ros/share/radar_sdk_ros/hook/ament_prefix_path.ps1'
[0.338s] INFO:colcon.colcon_core.shell:Creating environment descriptor '/home/juhun/capstone_ws/install/radar_sdk_ros/share/radar_sdk_ros/hook/ament_prefix_path.dsv'
[0.339s] INFO:colcon.colcon_core.shell:Creating environment hook '/home/juhun/capstone_ws/install/radar_sdk_ros/share/radar_sdk_ros/hook/ament_prefix_path.sh'
[0.339s] INFO:colcon.colcon_core.shell:Skip shell extension 'powershell' for command environment: Not usable outside of PowerShell
[0.340s] DEBUG:colcon.colcon_core.shell:Skip shell extension 'dsv' for command environment
[0.342s] INFO:colcon.colcon_cmake.task.cmake.build:Building CMake package in '/home/juhun/capstone_ws/src/radar_sdk'
[0.342s] INFO:colcon.colcon_core.shell:Skip shell extension 'powershell' for command environment: Not usable outside of PowerShell
[0.343s] DEBUG:colcon.colcon_core.shell:Skip shell extension 'dsv' for command environment
[0.576s] WARNING:colcon.colcon_ros.task.ament_python.build:Package 'radar_sdk_ros' doesn't explicitly install a marker in the package index (colcon-ros currently does it implicitly but that fallback will be removed in the future)
[0.576s] INFO:colcon.colcon_core.task.python.build:Building Python package in '/home/juhun/capstone_ws/src/radar_sdk_ros'
[0.577s] INFO:colcon.colcon_core.shell:Skip shell extension 'powershell' for command environment: Not usable outside of PowerShell
[0.577s] DEBUG:colcon.colcon_core.shell:Skip shell extension 'dsv' for command environment
[0.583s] DEBUG:colcon.colcon_core.event_handler.log_command:Invoking command in '/home/juhun/capstone_ws/build/rdk': /usr/bin/cmake /home/juhun/capstone_ws/src/radar_sdk -DCMAKE_INSTALL_PREFIX=/home/juhun/capstone_ws/install/rdk
[0.944s] DEBUG:colcon.colcon_core.event_handler.log_command:Invoking command in '/home/juhun/capstone_ws/src/radar_sdk_ros': PYTHONPATH=/home/juhun/capstone_ws/build/radar_sdk_ros/prefix_override:/usr/lib/python3/dist-packages/colcon_core/task/python/colcon_distutils_commands:/home/juhun/capstone_ws/install/radar_sdk_ros/lib/python3.10/site-packages:${PYTHONPATH} /usr/bin/python3 -W ignore:setup.py install is deprecated -W ignore:easy_install command is deprecated setup.py egg_info --egg-base ../../build/radar_sdk_ros build --build-base /home/juhun/capstone_ws/build/radar_sdk_ros/build install --record /home/juhun/capstone_ws/build/radar_sdk_ros/install.log --single-version-externally-managed install_data
[1.237s] DEBUG:colcon.colcon_core.event_handler.log_command:Invoked command in '/home/juhun/capstone_ws/src/radar_sdk_ros' returned '0': PYTHONPATH=/home/juhun/capstone_ws/build/radar_sdk_ros/prefix_override:/usr/lib/python3/dist-packages/colcon_core/task/python/colcon_distutils_commands:/home/juhun/capstone_ws/install/radar_sdk_ros/lib/python3.10/site-packages:${PYTHONPATH} /usr/bin/python3 -W ignore:setup.py install is deprecated -W ignore:easy_install command is deprecated setup.py egg_info --egg-base ../../build/radar_sdk_ros build --build-base /home/juhun/capstone_ws/build/radar_sdk_ros/build install --record /home/juhun/capstone_ws/build/radar_sdk_ros/install.log --single-version-externally-managed install_data
[1.240s] Level 1:colcon.colcon_core.environment:checking '/home/juhun/capstone_ws/install/radar_sdk_ros' for CMake module files
[1.240s] Level 1:colcon.colcon_core.environment:checking '/home/juhun/capstone_ws/install/radar_sdk_ros' for CMake config files
[1.241s] Level 1:colcon.colcon_core.environment:checking '/home/juhun/capstone_ws/install/radar_sdk_ros/lib'
[1.241s] Level 1:colcon.colcon_core.environment:checking '/home/juhun/capstone_ws/install/radar_sdk_ros/bin'
[1.242s] Level 1:colcon.colcon_core.environment:checking '/home/juhun/capstone_ws/install/radar_sdk_ros/lib/pkgconfig/radar_sdk_ros.pc'
[1.242s] Level 1:colcon.colcon_core.environment:checking '/home/juhun/capstone_ws/install/radar_sdk_ros/lib/python3.10/site-packages'
[1.242s] Level 1:colcon.colcon_core.shell:create_environment_hook('radar_sdk_ros', 'pythonpath')
[1.242s] INFO:colcon.colcon_core.shell:Creating environment hook '/home/juhun/capstone_ws/install/radar_sdk_ros/share/radar_sdk_ros/hook/pythonpath.ps1'
[1.243s] INFO:colcon.colcon_core.shell:Creating environment descriptor '/home/juhun/capstone_ws/install/radar_sdk_ros/share/radar_sdk_ros/hook/pythonpath.dsv'
[1.243s] INFO:colcon.colcon_core.shell:Creating environment hook '/home/juhun/capstone_ws/install/radar_sdk_ros/share/radar_sdk_ros/hook/pythonpath.sh'
[1.244s] Level 1:colcon.colcon_core.environment:checking '/home/juhun/capstone_ws/install/radar_sdk_ros/bin'
[1.244s] Level 1:colcon.colcon_core.environment:create_environment_scripts_only(radar_sdk_ros)
[1.244s] INFO:colcon.colcon_core.shell:Creating package script '/home/juhun/capstone_ws/install/radar_sdk_ros/share/radar_sdk_ros/package.ps1'
[1.246s] INFO:colcon.colcon_core.shell:Creating package descriptor '/home/juhun/capstone_ws/install/radar_sdk_ros/share/radar_sdk_ros/package.dsv'
[1.246s] INFO:colcon.colcon_core.shell:Creating package script '/home/juhun/capstone_ws/install/radar_sdk_ros/share/radar_sdk_ros/package.sh'
[1.247s] INFO:colcon.colcon_core.shell:Creating package script '/home/juhun/capstone_ws/install/radar_sdk_ros/share/radar_sdk_ros/package.bash'
[1.248s] INFO:colcon.colcon_core.shell:Creating package script '/home/juhun/capstone_ws/install/radar_sdk_ros/share/radar_sdk_ros/package.zsh'
[1.249s] Level 1:colcon.colcon_core.environment:create_file_with_runtime_dependencies(/home/juhun/capstone_ws/install/radar_sdk_ros/share/colcon-core/packages/radar_sdk_ros)
[1.951s] DEBUG:colcon.colcon_core.event_handler.log_command:Invoked command in '/home/juhun/capstone_ws/build/rdk' returned '0': /usr/bin/cmake /home/juhun/capstone_ws/src/radar_sdk -DCMAKE_INSTALL_PREFIX=/home/juhun/capstone_ws/install/rdk
[1.953s] DEBUG:colcon.colcon_core.event_handler.log_command:Invoking command in '/home/juhun/capstone_ws/build/rdk': /usr/bin/cmake --build /home/juhun/capstone_ws/build/rdk -- -j8 -l8
[29.153s] DEBUG:colcon.colcon_core.event_handler.log_command:Invoked command in '/home/juhun/capstone_ws/build/rdk' returned '0': /usr/bin/cmake --build /home/juhun/capstone_ws/build/rdk -- -j8 -l8
[29.159s] DEBUG:colcon.colcon_core.event_handler.log_command:Invoking command in '/home/juhun/capstone_ws/build/rdk': /usr/bin/cmake --install /home/juhun/capstone_ws/build/rdk
[29.164s] Level 1:colcon.colcon_core.environment:create_environment_scripts_only(rdk)
[29.165s] Level 1:colcon.colcon_core.environment:checking '/home/juhun/capstone_ws/install/rdk' for CMake module files
[29.165s] DEBUG:colcon.colcon_core.event_handler.log_command:Invoked command in '/home/juhun/capstone_ws/build/rdk' returned '0': /usr/bin/cmake --install /home/juhun/capstone_ws/build/rdk
[29.165s] Level 1:colcon.colcon_core.environment:checking '/home/juhun/capstone_ws/install/rdk' for CMake config files
[29.165s] Level 1:colcon.colcon_core.environment:checking '/home/juhun/capstone_ws/install/rdk/bin'
[29.166s] Level 1:colcon.colcon_core.environment:checking '/home/juhun/capstone_ws/install/rdk/lib/pkgconfig/rdk.pc'
[29.166s] Level 1:colcon.colcon_core.environment:checking '/home/juhun/capstone_ws/install/rdk/lib/python3.10/site-packages'
[29.166s] Level 1:colcon.colcon_core.environment:checking '/home/juhun/capstone_ws/install/rdk/bin'
[29.166s] INFO:colcon.colcon_core.shell:Creating package script '/home/juhun/capstone_ws/install/rdk/share/rdk/package.ps1'
[29.167s] INFO:colcon.colcon_core.shell:Creating package descriptor '/home/juhun/capstone_ws/install/rdk/share/rdk/package.dsv'
[29.167s] INFO:colcon.colcon_core.shell:Creating package script '/home/juhun/capstone_ws/install/rdk/share/rdk/package.sh'
[29.167s] INFO:colcon.colcon_core.shell:Creating package script '/home/juhun/capstone_ws/install/rdk/share/rdk/package.bash'
[29.168s] INFO:colcon.colcon_core.shell:Creating package script '/home/juhun/capstone_ws/install/rdk/share/rdk/package.zsh'
[29.168s] Level 1:colcon.colcon_core.environment:create_file_with_runtime_dependencies(/home/juhun/capstone_ws/install/rdk/share/colcon-core/packages/rdk)
[29.168s] DEBUG:colcon.colcon_parallel_executor.executor.parallel:closing loop
[29.169s] DEBUG:colcon.colcon_parallel_executor.executor.parallel:loop closed
[29.169s] DEBUG:colcon.colcon_parallel_executor.executor.parallel:run_until_complete finished with '0'
[29.169s] DEBUG:colcon.colcon_core.event_reactor:joining thread
[29.176s] INFO:colcon.colcon_core.plugin_system:Skipping extension 'colcon_notification.desktop_notification.terminal_notifier': Not used on non-Darwin systems
[29.176s] INFO:colcon.colcon_core.plugin_system:Skipping extension 'colcon_notification.desktop_notification.win32': Not used on non-Windows systems
[29.176s] INFO:colcon.colcon_notification.desktop_notification:Sending desktop notification using 'notify2'
[29.199s] DEBUG:colcon.colcon_core.event_reactor:joined thread
[29.199s] INFO:colcon.colcon_core.shell:Creating prefix script '/home/juhun/capstone_ws/install/local_setup.ps1'
[29.201s] INFO:colcon.colcon_core.shell:Creating prefix util module '/home/juhun/capstone_ws/install/_local_setup_util_ps1.py'
[29.203s] INFO:colcon.colcon_core.shell:Creating prefix chain script '/home/juhun/capstone_ws/install/setup.ps1'
[29.204s] INFO:colcon.colcon_core.shell:Creating prefix script '/home/juhun/capstone_ws/install/local_setup.sh'
[29.205s] INFO:colcon.colcon_core.shell:Creating prefix util module '/home/juhun/capstone_ws/install/_local_setup_util_sh.py'
[29.205s] INFO:colcon.colcon_core.shell:Creating prefix chain script '/home/juhun/capstone_ws/install/setup.sh'
[29.207s] INFO:colcon.colcon_core.shell:Creating prefix script '/home/juhun/capstone_ws/install/local_setup.bash'
[29.207s] INFO:colcon.colcon_core.shell:Creating prefix chain script '/home/juhun/capstone_ws/install/setup.bash'
[29.209s] INFO:colcon.colcon_core.shell:Creating prefix script '/home/juhun/capstone_ws/install/local_setup.zsh'
[29.209s] INFO:colcon.colcon_core.shell:Creating prefix chain script '/home/juhun/capstone_ws/install/setup.zsh'
