/home/juhun/capstone_ws/install/radar_sdk_ros/lib/python3.10/site-packages/radar_sdk_ros/campub.py
/home/juhun/capstone_ws/install/radar_sdk_ros/lib/python3.10/site-packages/radar_sdk_ros/break_limit_data_save.py
/home/juhun/capstone_ws/install/radar_sdk_ros/lib/python3.10/site-packages/radar_sdk_ros/radar_sub.py
/home/juhun/capstone_ws/install/radar_sdk_ros/lib/python3.10/site-packages/radar_sdk_ros/normalized.py
/home/juhun/capstone_ws/install/radar_sdk_ros/lib/python3.10/site-packages/radar_sdk_ros/real_time_radar.py
/home/juhun/capstone_ws/install/radar_sdk_ros/lib/python3.10/site-packages/radar_sdk_ros/radar_pub.py
/home/juhun/capstone_ws/install/radar_sdk_ros/lib/python3.10/site-packages/radar_sdk_ros/real_time_radar_sub.py
/home/juhun/capstone_ws/install/radar_sdk_ros/lib/python3.10/site-packages/radar_sdk_ros/cam_and_radar.py
/home/juhun/capstone_ws/install/radar_sdk_ros/lib/python3.10/site-packages/radar_sdk_ros/cam.py
/home/juhun/capstone_ws/install/radar_sdk_ros/lib/python3.10/site-packages/radar_sdk_ros/break_limit_data.py
/home/juhun/capstone_ws/install/radar_sdk_ros/lib/python3.10/site-packages/radar_sdk_ros/normalized_antenna_copy.py
/home/juhun/capstone_ws/install/radar_sdk_ros/lib/python3.10/site-packages/radar_sdk_ros/exmple_ros.py
/home/juhun/capstone_ws/install/radar_sdk_ros/lib/python3.10/site-packages/radar_sdk_ros/__init__.py
/home/juhun/capstone_ws/install/radar_sdk_ros/lib/python3.10/site-packages/radar_sdk_ros/camsub.py
/home/juhun/capstone_ws/install/radar_sdk_ros/lib/python3.10/site-packages/radar_sdk_ros/__pycache__/campub.cpython-310.pyc
/home/juhun/capstone_ws/install/radar_sdk_ros/lib/python3.10/site-packages/radar_sdk_ros/__pycache__/break_limit_data_save.cpython-310.pyc
/home/juhun/capstone_ws/install/radar_sdk_ros/lib/python3.10/site-packages/radar_sdk_ros/__pycache__/radar_sub.cpython-310.pyc
/home/juhun/capstone_ws/install/radar_sdk_ros/lib/python3.10/site-packages/radar_sdk_ros/__pycache__/normalized.cpython-310.pyc
/home/juhun/capstone_ws/install/radar_sdk_ros/lib/python3.10/site-packages/radar_sdk_ros/__pycache__/real_time_radar.cpython-310.pyc
/home/juhun/capstone_ws/install/radar_sdk_ros/lib/python3.10/site-packages/radar_sdk_ros/__pycache__/radar_pub.cpython-310.pyc
/home/juhun/capstone_ws/install/radar_sdk_ros/lib/python3.10/site-packages/radar_sdk_ros/__pycache__/real_time_radar_sub.cpython-310.pyc
/home/juhun/capstone_ws/install/radar_sdk_ros/lib/python3.10/site-packages/radar_sdk_ros/__pycache__/cam_and_radar.cpython-310.pyc
/home/juhun/capstone_ws/install/radar_sdk_ros/lib/python3.10/site-packages/radar_sdk_ros/__pycache__/cam.cpython-310.pyc
/home/juhun/capstone_ws/install/radar_sdk_ros/lib/python3.10/site-packages/radar_sdk_ros/__pycache__/break_limit_data.cpython-310.pyc
/home/juhun/capstone_ws/install/radar_sdk_ros/lib/python3.10/site-packages/radar_sdk_ros/__pycache__/normalized_antenna_copy.cpython-310.pyc
/home/juhun/capstone_ws/install/radar_sdk_ros/lib/python3.10/site-packages/radar_sdk_ros/__pycache__/exmple_ros.cpython-310.pyc
/home/juhun/capstone_ws/install/radar_sdk_ros/lib/python3.10/site-packages/radar_sdk_ros/__pycache__/__init__.cpython-310.pyc
/home/juhun/capstone_ws/install/radar_sdk_ros/lib/python3.10/site-packages/radar_sdk_ros/__pycache__/camsub.cpython-310.pyc
/home/juhun/capstone_ws/install/radar_sdk_ros/share/radar_sdk_ros/package.xml
/home/juhun/capstone_ws/install/radar_sdk_ros/lib/python3.10/site-packages/radar_sdk_ros-0.0.1-py3.10.egg-info/zip-safe
/home/juhun/capstone_ws/install/radar_sdk_ros/lib/python3.10/site-packages/radar_sdk_ros-0.0.1-py3.10.egg-info/SOURCES.txt
/home/juhun/capstone_ws/install/radar_sdk_ros/lib/python3.10/site-packages/radar_sdk_ros-0.0.1-py3.10.egg-info/requires.txt
/home/juhun/capstone_ws/install/radar_sdk_ros/lib/python3.10/site-packages/radar_sdk_ros-0.0.1-py3.10.egg-info/top_level.txt
/home/juhun/capstone_ws/install/radar_sdk_ros/lib/python3.10/site-packages/radar_sdk_ros-0.0.1-py3.10.egg-info/PKG-INFO
/home/juhun/capstone_ws/install/radar_sdk_ros/lib/python3.10/site-packages/radar_sdk_ros-0.0.1-py3.10.egg-info/entry_points.txt
/home/juhun/capstone_ws/install/radar_sdk_ros/lib/python3.10/site-packages/radar_sdk_ros-0.0.1-py3.10.egg-info/dependency_links.txt
/home/juhun/capstone_ws/install/radar_sdk_ros/lib/radar_sdk_ros/campub
/home/juhun/capstone_ws/install/radar_sdk_ros/lib/radar_sdk_ros/camsub
/home/juhun/capstone_ws/install/radar_sdk_ros/lib/radar_sdk_ros/radar_pub
/home/juhun/capstone_ws/install/radar_sdk_ros/lib/radar_sdk_ros/radar_pub_limit
/home/juhun/capstone_ws/install/radar_sdk_ros/lib/radar_sdk_ros/radar_spectrogram
/home/juhun/capstone_ws/install/radar_sdk_ros/lib/radar_sdk_ros/radar_sub
