-- The C compiler identification is GNU 11.4.0
-- The CXX compiler identification is GNU 11.4.0
-- Detecting C compiler ABI info
-- Detecting C compiler ABI info - done
-- Check for working C compiler: /usr/bin/cc - skipped
-- Detecting C compile features
-- Detecting C compile features - done
-- Detecting CXX compiler ABI info
-- Detecting CXX compiler ABI info - done
-- Check for working CXX compiler: /usr/bin/c++ - skipped
-- Detecting CXX compile features
-- Detecting CXX compile features - done
-- SDK version: 3.6.4
[0mCMake Deprecation Warning at 3rd_party/libs/argparse/CMakeLists.txt:1 (cmake_minimum_required):
  Compatibility with CMake < 3.10 will be removed from a future version of
  CMake.

  Update the VERSION argument <min> value.  Or, use the <min>...<max> syntax
  to tell CMake that the project requires at least <min> but has been updated
  to work with policies introduced by <max> or earlier.

[0m
[0mCMake Deprecation Warning at 3rd_party/libs/muFFT/CMakeLists.txt:1 (cmake_minimum_required):
  Compatibility with CMake < 3.10 will be removed from a future version of
  CMake.

  Update the VERSION argument <min> value.  Or, use the <min>...<max> syntax
  to tell CMake that the project requires at least <min> but has been updated
  to work with policies introduced by <max> or earlier.

[0m
[0mProcessor: x86_64[0m
[0mEnabling x86 SIMD support.[0m
[0mCMake Deprecation Warning at external/strata/CMakeLists.txt:26 (cmake_minimum_required):
  Compatibility with CMake < 3.10 will be removed from a future version of
  CMake.

  Update the VERSION argument <min> value.  Or, use the <min>...<max> syntax
  to tell CMake that the project requires at least <min> but has been updated
  to work with policies introduced by <max> or earlier.

[0m
-- Strata directory: /home/juhun/capstone_ws/src/radar_sdk/external/strata
-- Strata version: 2.3.1.0
-- Strata target architecture/platform: x86 64bit Linux
[0mCMake Deprecation Warning at external/strata/contrib/pugixml/CMakeLists.txt:1 (cmake_minimum_required):
  Compatibility with CMake < 3.10 will be removed from a future version of
  CMake.

  Update the VERSION argument <min> value.  Or, use the <min>...<max> syntax
  to tell CMake that the project requires at least <min> but has been updated
  to work with policies introduced by <max> or earlier.

[0m
-- Performing Test CMAKE_HAVE_LIBC_PTHREAD
-- Performing Test CMAKE_HAVE_LIBC_PTHREAD - Success
-- Found Threads: TRUE
-- Lib Avian includes StrataPort.
-- Looking for sqrt in m
-- Looking for sqrt in m - found
-- Found Python3: /usr/bin/python3.10 (found version "3.10.12") found components: Interpreter
<string>:1: DeprecationWarning: The distutils package is deprecated and slated for removal in Python 3.12. Use setuptools or check PEP 632 for potential alternatives
[33mCMake Warning (dev) at external/strata/cmake/wheels.cmake:50 (add_custom_command):
  Exactly one of PRE_BUILD, PRE_LINK, or POST_BUILD must be given.  Assuming
  POST_BUILD to preserve backward compatibility.

  Policy CMP0175 is not set: add_custom_command() rejects invalid arguments.
  Run "cmake --help-policy CMP0175" for policy details.  Use the cmake_policy
  command to set the policy and suppress this warning.
Call Stack (most recent call first):
  sdk/py/wrapper_radarsdk/CMakeLists.txt:22 (add_wheel)
This warning is for project developers.  Use -Wno-dev to suppress it.
[0m
[33mCMake Warning (dev) at external/strata/cmake/wheels.cmake:80 (add_custom_command):
  Exactly one of PRE_BUILD, PRE_LINK, or POST_BUILD must be given.  Assuming
  POST_BUILD to preserve backward compatibility.

  Policy CMP0175 is not set: add_custom_command() rejects invalid arguments.
  Run "cmake --help-policy CMP0175" for policy details.  Use the cmake_policy
  command to set the policy and suppress this warning.
Call Stack (most recent call first):
  sdk/py/wrapper_radarsdk/CMakeLists.txt:22 (add_wheel)
This warning is for project developers.  Use -Wno-dev to suppress it.
[0m
[33mCMake Warning (dev) at external/strata/cmake/wheels.cmake:80 (add_custom_command):
  Exactly one of PRE_BUILD, PRE_LINK, or POST_BUILD must be given.  Assuming
  POST_BUILD to preserve backward compatibility.

  Policy CMP0175 is not set: add_custom_command() rejects invalid arguments.
  Run "cmake --help-policy CMP0175" for policy details.  Use the cmake_policy
  command to set the policy and suppress this warning.
Call Stack (most recent call first):
  sdk/py/wrapper_radarsdk/CMakeLists.txt:22 (add_wheel)
This warning is for project developers.  Use -Wno-dev to suppress it.
[0m
[33mCMake Warning (dev) at external/strata/cmake/wheels.cmake:80 (add_custom_command):
  Exactly one of PRE_BUILD, PRE_LINK, or POST_BUILD must be given.  Assuming
  POST_BUILD to preserve backward compatibility.

  Policy CMP0175 is not set: add_custom_command() rejects invalid arguments.
  Run "cmake --help-policy CMP0175" for policy details.  Use the cmake_policy
  command to set the policy and suppress this warning.
Call Stack (most recent call first):
  sdk/py/wrapper_radarsdk/CMakeLists.txt:22 (add_wheel)
This warning is for project developers.  Use -Wno-dev to suppress it.
[0m
[33mCMake Warning (dev) at external/strata/cmake/wheels.cmake:80 (add_custom_command):
  Exactly one of PRE_BUILD, PRE_LINK, or POST_BUILD must be given.  Assuming
  POST_BUILD to preserve backward compatibility.

  Policy CMP0175 is not set: add_custom_command() rejects invalid arguments.
  Run "cmake --help-policy CMP0175" for policy details.  Use the cmake_policy
  command to set the policy and suppress this warning.
Call Stack (most recent call first):
  sdk/py/wrapper_radarsdk/CMakeLists.txt:22 (add_wheel)
This warning is for project developers.  Use -Wno-dev to suppress it.
[0m
[33mCMake Warning (dev) at external/strata/cmake/wheels.cmake:80 (add_custom_command):
  Exactly one of PRE_BUILD, PRE_LINK, or POST_BUILD must be given.  Assuming
  POST_BUILD to preserve backward compatibility.

  Policy CMP0175 is not set: add_custom_command() rejects invalid arguments.
  Run "cmake --help-policy CMP0175" for policy details.  Use the cmake_policy
  command to set the policy and suppress this warning.
Call Stack (most recent call first):
  sdk/py/wrapper_radarsdk/CMakeLists.txt:22 (add_wheel)
This warning is for project developers.  Use -Wno-dev to suppress it.
[0m
[33mCMake Warning (dev) at external/strata/cmake/wheels.cmake:80 (add_custom_command):
  Exactly one of PRE_BUILD, PRE_LINK, or POST_BUILD must be given.  Assuming
  POST_BUILD to preserve backward compatibility.

  Policy CMP0175 is not set: add_custom_command() rejects invalid arguments.
  Run "cmake --help-policy CMP0175" for policy details.  Use the cmake_policy
  command to set the policy and suppress this warning.
Call Stack (most recent call first):
  sdk/py/wrapper_radarsdk/CMakeLists.txt:22 (add_wheel)
This warning is for project developers.  Use -Wno-dev to suppress it.
[0m
[33mCMake Warning (dev) at external/strata/cmake/wheels.cmake:80 (add_custom_command):
  Exactly one of PRE_BUILD, PRE_LINK, or POST_BUILD must be given.  Assuming
  POST_BUILD to preserve backward compatibility.

  Policy CMP0175 is not set: add_custom_command() rejects invalid arguments.
  Run "cmake --help-policy CMP0175" for policy details.  Use the cmake_policy
  command to set the policy and suppress this warning.
Call Stack (most recent call first):
  sdk/py/wrapper_radarsdk/CMakeLists.txt:22 (add_wheel)
This warning is for project developers.  Use -Wno-dev to suppress it.
[0m
[33mCMake Warning (dev) at external/strata/cmake/wheels.cmake:80 (add_custom_command):
  Exactly one of PRE_BUILD, PRE_LINK, or POST_BUILD must be given.  Assuming
  POST_BUILD to preserve backward compatibility.

  Policy CMP0175 is not set: add_custom_command() rejects invalid arguments.
  Run "cmake --help-policy CMP0175" for policy details.  Use the cmake_policy
  command to set the policy and suppress this warning.
Call Stack (most recent call first):
  sdk/py/wrapper_radarsdk/CMakeLists.txt:22 (add_wheel)
This warning is for project developers.  Use -Wno-dev to suppress it.
[0m
[33mCMake Warning (dev) at external/strata/cmake/wheels.cmake:80 (add_custom_command):
  Exactly one of PRE_BUILD, PRE_LINK, or POST_BUILD must be given.  Assuming
  POST_BUILD to preserve backward compatibility.

  Policy CMP0175 is not set: add_custom_command() rejects invalid arguments.
  Run "cmake --help-policy CMP0175" for policy details.  Use the cmake_policy
  command to set the policy and suppress this warning.
Call Stack (most recent call first):
  sdk/py/wrapper_radarsdk/CMakeLists.txt:22 (add_wheel)
This warning is for project developers.  Use -Wno-dev to suppress it.
[0m
[33mCMake Warning (dev) at external/strata/cmake/wheels.cmake:86 (add_custom_command):
  Exactly one of PRE_BUILD, PRE_LINK, or POST_BUILD must be given.  Assuming
  POST_BUILD to preserve backward compatibility.

  Policy CMP0175 is not set: add_custom_command() rejects invalid arguments.
  Run "cmake --help-policy CMP0175" for policy details.  Use the cmake_policy
  command to set the policy and suppress this warning.
Call Stack (most recent call first):
  sdk/py/wrapper_radarsdk/CMakeLists.txt:22 (add_wheel)
This warning is for project developers.  Use -Wno-dev to suppress it.
[0m
-- Configuring done (1.2s)
-- Generating done (0.1s)
-- Build files have been written to: /home/juhun/capstone_ws/build/rdk
[  2%] [32mBuilding CXX object external/strata/library/CMakeFiles/strata_library.dir/Library.cpp.o[0m
[  2%] [32mBuilding CXX object external/strata/contrib/pugixml/CMakeFiles/pugixml-static.dir/src/pugixml.cpp.o[0m
[  3%] [32mBuilding C object external/strata/library/universal/CMakeFiles/universal.dir/error_strings.c.o[0m
[  3%] [32mBuilding CXX object external/strata/library/common/CMakeFiles/common.dir/crc/Crc6.cpp.o[0m
[  3%] [32mBuilding CXX object external/strata/library/CMakeFiles/strata_version.dir/Version.cpp.o[0m
[  3%] [32mBuilding CXX object external/strata/library/CMakeFiles/strata_boards.dir/BoardList.cpp.o[0m
[  5%] [32mBuilding CXX object external/strata/library/components/CMakeFiles/components.dir/FlashImage.cpp.o[0m
[  5%] [32mBuilding CXX object external/strata/library/remote/CMakeFiles/remote.dir/RemoteGasBoyle.cpp.o[0m
[  6%] [32mBuilding CXX object external/strata/library/common/CMakeFiles/common.dir/crc/Crc8.cpp.o[0m
[  6%] Built target strata_version
[  6%] Built target universal
[  6%] [32mBuilding CXX object external/strata/library/remote/CMakeFiles/remote.dir/RemoteProtocolAtr22.cpp.o[0m
[  6%] [32mBuilding CXX object external/strata/library/common/CMakeFiles/common.dir/crc/Crc16.cpp.o[0m
[  6%] [32mBuilding CXX object external/strata/library/remote/CMakeFiles/remote.dir/RemoteProtocolAvian.cpp.o[0m
[  7%] [32mBuilding CXX object external/strata/library/common/CMakeFiles/common.dir/crc/Crc32.cpp.o[0m
[  7%] [32mBuilding CXX object external/strata/library/common/CMakeFiles/common.dir/endian/LittleEndianReader.cpp.o[0m
[  7%] Built target strata_library
[  7%] [32mBuilding CXX object external/strata/library/common/CMakeFiles/common.dir/Logger.cpp.o[0m
[  7%] [32mBuilding CXX object external/strata/library/components/CMakeFiles/components.dir/Registers8bitPec.cpp.o[0m
[  8%] [32mBuilding CXX object external/strata/library/remote/CMakeFiles/remote.dir/RemoteProtocolLtr11.cpp.o[0m
[  8%] [32mBuilding C object 3rd_party/libs/muFFT/CMakeFiles/muFFT-avx.dir/x86/kernel.avx.c.o[0m
[  9%] [32mBuilding CXX object external/strata/library/common/CMakeFiles/common.dir/Profiler.cpp.o[0m
[  9%] [32mBuilding CXX object external/strata/library/components/CMakeFiles/components.dir/imager/ImagerIrs.cpp.o[0m
[ 10%] [32mBuilding C object 3rd_party/libs/muFFT/CMakeFiles/muFFT-sse.dir/x86/kernel.sse.c.o[0m
[ 11%] [32mBuilding C object 3rd_party/libs/muFFT/CMakeFiles/muFFT-sse3.dir/x86/kernel.sse3.c.o[0m
[ 11%] Built target strata_boards
[ 11%] [32mBuilding CXX object external/strata/library/remote/CMakeFiles/remote.dir/RemoteProtocolSmartar.cpp.o[0m
[ 11%] [32m[1mLinking C static library ../../../bin/lib/libmuFFT-sse.a[0m
[ 13%] [32mBuilding CXX object external/strata/library/components/CMakeFiles/components.dir/imager/ImagerIrs11x5.cpp.o[0m
[ 13%] Built target muFFT-sse
[ 13%] [32mBuilding CXX object external/strata/library/common/CMakeFiles/common.dir/ProductVersion.cpp.o[0m
[ 13%] [32m[1mLinking C static library ../../../bin/lib/libmuFFT-sse3.a[0m
[ 13%] [32mBuilding CXX object external/strata/library/components/CMakeFiles/components.dir/imager/ImagerIrs16x5.cpp.o[0m
[ 14%] [32mBuilding CXX object external/strata/library/remote/CMakeFiles/remote.dir/RemotePinsAvian.cpp.o[0m
[ 14%] [32m[1mLinking C static library ../../../bin/lib/libmuFFT-avx.a[0m
[ 14%] Built target muFFT-sse3
[ 14%] [32mBuilding CXX object external/strata/library/remote/CMakeFiles/remote.dir/RemotePinsLtr11.cpp.o[0m
[ 14%] Built target muFFT-avx
[ 15%] [32mBuilding CXX object external/strata/library/components/CMakeFiles/components.dir/imager/PinsIrs.cpp.o[0m
[ 16%] [32mBuilding C object sdk/c/ifxComPort/CMakeFiles/sdk_comport_obj.dir/COMPort_Unix.c.o[0m
[ 16%] [32mBuilding C object sdk/c/ifxComPort/CMakeFiles/sdk_comport_obj.dir/COMPort_Windows.c.o[0m
[ 17%] [32mBuilding CXX object sdk/c/ifxComPort/CMakeFiles/sdk_comport_obj.dir/ComPort.cpp.o[0m
[ 18%] [32mBuilding C object 3rd_party/libs/argparse/CMakeFiles/argparse.dir/argparse.c.o[0m
[ 18%] [32mBuilding CXX object external/strata/library/components/CMakeFiles/components.dir/imager/RegistersIrs.cpp.o[0m
[ 18%] [32mBuilding CXX object external/strata/library/components/CMakeFiles/components.dir/powerSupply/PowerSupplyMax2043xPec.cpp.o[0m
[ 18%] Built target common
[ 19%] [32mBuilding CXX object external/strata/library/components/CMakeFiles/components.dir/powerSupply/SupplyMonitorIna231.cpp.o[0m
[ 19%] [32m[1mLinking C static library ../../../bin/lib/libargparse.a[0m
[ 19%] [32mBuilding CXX object external/strata/library/remote/CMakeFiles/remote.dir/RemotePinsSmartar.cpp.o[0m
[ 19%] [32mBuilding C object 3rd_party/libs/muFFT/CMakeFiles/muFFT.dir/fft.c.o[0m
[ 19%] Built target argparse
[ 20%] [32mBuilding CXX object external/strata/library/remote/CMakeFiles/remote.dir/RemoteProcessingRadar.cpp.o[0m
[ 21%] [32mBuilding C object 3rd_party/libs/muFFT/CMakeFiles/muFFT.dir/kernel.c.o[0m
[ 21%] [32mBuilding CXX object external/strata/library/remote/CMakeFiles/remote.dir/RemoteRegisters.cpp.o[0m
[ 21%] [32mBuilding CXX object external/strata/library/components/CMakeFiles/components.dir/radar/TypeSerialization.cpp.o[0m
[ 21%] [32mBuilding C object 3rd_party/libs/muFFT/CMakeFiles/muFFT.dir/cpu.c.o[0m
[ 22%] [32m[1mLinking C static library ../../../bin/lib/libmuFFT.a[0m
[ 22%] Built target muFFT
[ 23%] [32mBuilding CXX object external/strata/library/remote/CMakeFiles/remote.dir/RemoteRadarAvian.cpp.o[0m
[ 25%] [32mBuilding CXX object external/strata/library/components/CMakeFiles/components.dir/nonvolatileMemory/NonvolatileMemory.cpp.o[0m
[ 25%] [32m[1mLinking CXX static library ../../../../bin/lib/libpugixml.a[0m
[ 25%] [32mBuilding CXX object external/strata/library/components/CMakeFiles/components.dir/nonvolatileMemory/NonvolatileMemoryEepromI2c.cpp.o[0m
[ 25%] Built target pugixml-static
[ 25%] [32mBuilding CXX object external/strata/library/remote/CMakeFiles/remote.dir/RemoteRadarAtr22.cpp.o[0m
[ 25%] [32mBuilding CXX object external/strata/library/components/CMakeFiles/components.dir/nonvolatileMemory/NonvolatileMemoryFlash.cpp.o[0m
[ 25%] [32mBuilding CXX object external/strata/library/platform/CMakeFiles/platform.dir/BoardAny.cpp.o[0m
[ 25%] [32mBuilding CXX object external/strata/library/remote/CMakeFiles/remote.dir/RemoteRadarLtr11.cpp.o[0m
[ 26%] [32mBuilding CXX object external/strata/library/components/CMakeFiles/components.dir/nonvolatileMemory/NonvolatileMemoryFlashSpi.cpp.o[0m
[ 27%] [32mBuilding CXX object external/strata/library/platform/CMakeFiles/platform.dir/BoardDescriptor.cpp.o[0m
[ 27%] [32mBuilding CXX object external/strata/library/platform/CMakeFiles/platform.dir/BoardInstance.cpp.o[0m
[ 28%] [32mBuilding CXX object external/strata/library/remote/CMakeFiles/remote.dir/RemoteRadarSmartar.cpp.o[0m
[ 29%] [32mBuilding CXX object external/strata/library/platform/CMakeFiles/platform.dir/BoardManager.cpp.o[0m
[ 29%] [32mBuilding CXX object external/strata/library/components/CMakeFiles/components.dir/temperature/TemperatureSensorTMP102.cpp.o[0m
[ 30%] [32mBuilding CXX object external/strata/library/components/CMakeFiles/components.dir/temperature/TemperatureSensorMCP98x43.cpp.o[0m
[ 30%] [32mBuilding CXX object external/strata/library/components/CMakeFiles/components.dir/processing/ProcessingRadar.cpp.o[0m
[ 30%] Built target components
[ 30%] [32mBuilding CXX object external/strata/library/remote/CMakeFiles/remote.dir/RemoteVendorCommands.cpp.o[0m
[ 30%] [32mBuilding CXX object external/strata/library/platform/CMakeFiles/platform.dir/NamedMemory.cpp.o[0m
[ 30%] [32mBuilding CXX object external/strata/library/platform/CMakeFiles/platform.dir/Memory.cpp.o[0m
[ 31%] [32mBuilding CXX object external/strata/library/platform/CMakeFiles/platform.dir/bridge/BridgeControl.cpp.o[0m
[ 31%] [32mBuilding CXX object external/strata/library/platform/CMakeFiles/platform.dir/bridge/BridgeData.cpp.o[0m
[ 32%] [32mBuilding CXX object external/strata/library/platform/CMakeFiles/platform.dir/bridge/BridgeProtocol.cpp.o[0m
[ 32%] Built target remote
[ 32%] [32mBuilding CXX object external/strata/library/platform/CMakeFiles/platform.dir/bridge/BridgeProtocolI2c.cpp.o[0m
[ 32%] [32mBuilding CXX object external/strata/library/platform/CMakeFiles/platform.dir/bridge/BridgeProtocolGpio.cpp.o[0m
[ 33%] [32mBuilding CXX object external/strata/library/platform/CMakeFiles/platform.dir/bridge/BridgeProtocolSpi.cpp.o[0m
[ 33%] [32mBuilding CXX object external/strata/library/platform/CMakeFiles/platform.dir/bridge/BridgeProtocolMemory.cpp.o[0m
[ 34%] [32mBuilding CXX object external/strata/library/platform/CMakeFiles/platform.dir/bridge/BridgeProtocolFlash.cpp.o[0m
[ 34%] [32mBuilding CXX object external/strata/library/platform/CMakeFiles/platform.dir/bridge/BridgeProtocolData.cpp.o[0m
[ 34%] [32mBuilding CXX object external/strata/library/platform/CMakeFiles/platform.dir/bridge/BridgeWrapperBase.cpp.o[0m
[ 35%] [32mBuilding CXX object external/strata/library/platform/CMakeFiles/platform.dir/bridge/VendorCommandsImpl.cpp.o[0m
[ 35%] [32mBuilding CXX object external/strata/library/platform/CMakeFiles/platform.dir/ethernet/BridgeEthernet.cpp.o[0m
[ 36%] [32mBuilding CXX object external/strata/library/platform/CMakeFiles/platform.dir/ethernet/BridgeEthernetControl.cpp.o[0m
[ 36%] [32mBuilding CXX object external/strata/library/platform/CMakeFiles/platform.dir/ethernet/BridgeEthernetData.cpp.o[0m
[ 36%] [32mBuilding CXX object external/strata/library/platform/CMakeFiles/platform.dir/ethernet/BridgeEthernetTcp.cpp.o[0m
[ 38%] [32mBuilding CXX object external/strata/library/platform/CMakeFiles/platform.dir/ethernet/BridgeEthernetUdp.cpp.o[0m
[ 38%] [32mBuilding CXX object external/strata/library/platform/CMakeFiles/platform.dir/ethernet/EnumeratorEthernet.cpp.o[0m
[ 39%] [32mBuilding CXX object external/strata/library/platform/CMakeFiles/platform.dir/ethernet/BoardEthernetTcp.cpp.o[0m
[ 39%] [32mBuilding CXX object external/strata/library/platform/CMakeFiles/platform.dir/ethernet/BoardEthernetUdp.cpp.o[0m
[ 39%] [32mBuilding CXX object external/strata/library/platform/CMakeFiles/platform.dir/ethernet/BoardDescriptorEthernet.cpp.o[0m
[ 39%] Built target sdk_comport_obj
[ 40%] [32mBuilding CXX object external/strata/library/platform/CMakeFiles/platform.dir/ethernet/SocketTcp.cpp.o[0m
[ 40%] [32mBuilding CXX object external/strata/library/platform/CMakeFiles/platform.dir/ethernet/SocketUdp.cpp.o[0m
[ 41%] [32mBuilding CXX object external/strata/library/platform/CMakeFiles/platform.dir/fpga/BridgeFpgaIrpli.cpp.o[0m
[ 41%] [32mBuilding CXX object external/strata/library/platform/CMakeFiles/platform.dir/frames/DebugFrame.cpp.o[0m
[ 41%] [32mBuilding CXX object external/strata/library/platform/CMakeFiles/platform.dir/frames/ErrorFrame.cpp.o[0m
[ 42%] [32mBuilding CXX object external/strata/library/platform/CMakeFiles/platform.dir/frames/Frame.cpp.o[0m
[ 42%] [32mBuilding CXX object external/strata/library/platform/CMakeFiles/platform.dir/frames/FrameBase.cpp.o[0m
[ 43%] [32mBuilding CXX object external/strata/library/platform/CMakeFiles/platform.dir/frames/FrameForwarder.cpp.o[0m
[ 43%] [32mBuilding CXX object external/strata/library/platform/CMakeFiles/platform.dir/frames/FramePool.cpp.o[0m
[ 43%] [32mBuilding CXX object external/strata/library/platform/CMakeFiles/platform.dir/frames/FrameQueue.cpp.o[0m
[ 44%] [32mBuilding CXX object external/strata/library/platform/CMakeFiles/platform.dir/frames/FrameHelper.cpp.o[0m
[ 44%] [32mBuilding CXX object external/strata/library/platform/CMakeFiles/platform.dir/macro/BoardInstanceMacro.cpp.o[0m
[ 45%] [32mBuilding CXX object external/strata/library/platform/CMakeFiles/platform.dir/macro/BridgeMacro.cpp.o[0m
[ 45%] [32mBuilding CXX object external/strata/library/platform/CMakeFiles/platform.dir/serial/SerialPort.cpp.o[0m
[ 45%] [32mBuilding CXX object external/strata/library/platform/CMakeFiles/platform.dir/serial/BridgeSerial.cpp.o[0m
[ 46%] [32mBuilding CXX object external/strata/library/platform/CMakeFiles/platform.dir/serial/BoardSerial.cpp.o[0m
[ 46%] [32mBuilding CXX object external/strata/library/platform/CMakeFiles/platform.dir/uvc/BoardUvc.cpp.o[0m
[ 47%] [32mBuilding CXX object external/strata/library/platform/CMakeFiles/platform.dir/uvc/VendorExtensionCypress.cpp.o[0m
[ 47%] [32mBuilding CXX object external/strata/library/platform/CMakeFiles/platform.dir/uvc/VendorExtensionRealtek.cpp.o[0m
[ 47%] [32mBuilding CXX object external/strata/library/platform/CMakeFiles/platform.dir/uvc/VendorExtensionRealtekFlash.cpp.o[0m
[ 48%] [32mBuilding CXX object external/strata/library/platform/CMakeFiles/platform.dir/uvc/VendorExtensionRealtekI2c.cpp.o[0m
[ 48%] [32mBuilding CXX object external/strata/library/platform/CMakeFiles/platform.dir/boards/Board.cpp.o[0m
[ 50%] [32mBuilding CXX object external/strata/library/platform/CMakeFiles/platform.dir/boards/BoardGeneric.cpp.o[0m
[ 50%] [32mBuilding CXX object external/strata/library/platform/CMakeFiles/platform.dir/boards/BoardRemote.cpp.o[0m
[ 50%] [32mBuilding CXX object external/strata/library/platform/CMakeFiles/platform.dir/impl/Linux/serial/SerialPortImpl.cpp.o[0m
[ 51%] [32mBuilding CXX object external/strata/library/platform/CMakeFiles/platform.dir/impl/Linux/serial/EnumeratorSerialImpl.cpp.o[0m
[ 51%] [32mBuilding CXX object external/strata/library/platform/CMakeFiles/platform.dir/impl/Linux/video/EnumeratorV4l2.cpp.o[0m
[ 52%] [32mBuilding CXX object external/strata/library/platform/CMakeFiles/platform.dir/impl/Linux/video/BridgeV4l2.cpp.o[0m
[ 52%] [32mBuilding CXX object external/strata/library/platform/CMakeFiles/platform.dir/impl/Linux/video/FrameV4l2.cpp.o[0m
[ 52%] [32mBuilding CXX object external/strata/library/platform/CMakeFiles/platform.dir/impl/Linux/video/FramePoolV4l2.cpp.o[0m
[ 53%] [32mBuilding CXX object external/strata/library/platform/CMakeFiles/platform.dir/impl/unix/ethernet/SocketImpl.cpp.o[0m
[ 53%] [32mBuilding CXX object external/strata/library/platform/CMakeFiles/platform.dir/impl/unix/ethernet/SocketTcpImpl.cpp.o[0m
[ 54%] [32mBuilding CXX object external/strata/library/platform/CMakeFiles/platform.dir/impl/unix/ethernet/SocketUdpImpl.cpp.o[0m
[ 54%] [32mBuilding CXX object external/strata/library/platform/CMakeFiles/platform.dir/impl/unix/serial/SerialPortImplBase.cpp.o[0m
[ 54%] [32mBuilding CXX object external/strata/library/platform/CMakeFiles/platform.dir/impl/unix/serial/EnumeratorSerialImplBase.cpp.o[0m
[ 54%] Built target platform
[ 55%] [32mBuilding CXX object external/strata/library/CMakeFiles/strata_shared.dir/Dummy.cpp.o[0m
[ 55%] [32m[1mLinking CXX shared library ../../../bin/lib/libstrata_shared.so[0m
[ 55%] Built target strata_shared
[ 58%] [32mBuilding C object sdk/c/ifxBase/CMakeFiles/sdk_base.dir/LA.c.o[0m
[ 58%] [32mBuilding CXX object external/lib_avian/CMakeFiles/lib_avian.dir/src/Driver/default_settings.cpp.o[0m
[ 58%] [32mBuilding C object sdk/c/ifxBase/CMakeFiles/sdk_base.dir/Error.c.o[0m
[ 58%] [32mBuilding CXX object external/lib_avian/CMakeFiles/lib_avian.dir/src/Driver/easy_mode.cpp.o[0m
[ 58%] [32mBuilding CXX object external/lib_avian/CMakeFiles/lib_avian.dir/src/Driver/data_acquisition.cpp.o[0m
[ 58%] [32mBuilding C object sdk/c/ifxBase/CMakeFiles/sdk_base.dir/Cube.c.o[0m
[ 58%] [32mBuilding C object sdk/c/ifxBase/CMakeFiles/sdk_base.dir/Complex.c.o[0m
[ 58%] [32mBuilding CXX object sdk/c/ifxBase/CMakeFiles/sdk_base.dir/List.cpp.o[0m
[ 59%] [32mBuilding C object sdk/c/ifxBase/CMakeFiles/sdk_base.dir/Log.c.o[0m
[ 60%] [32mBuilding CXX object external/lib_avian/CMakeFiles/lib_avian.dir/src/Driver/ifxRadar_BGT60TRxx.cpp.o[0m
[ 60%] [32mBuilding CXX object external/lib_avian/CMakeFiles/lib_avian.dir/src/Driver/spi_programming.cpp.o[0m
[ 60%] [32mBuilding C object sdk/c/ifxBase/CMakeFiles/sdk_base.dir/Math.c.o[0m
[ 60%] [32mBuilding CXX object external/lib_avian/CMakeFiles/lib_avian.dir/src/Driver/testing.cpp.o[0m
[ 61%] [32mBuilding C object sdk/c/ifxBase/CMakeFiles/sdk_base.dir/Matrix.c.o[0m
[ 63%] [32mBuilding CXX object external/lib_avian/CMakeFiles/lib_avian.dir/src/ifxAvian_CwController.cpp.o[0m
[ 63%] [32mBuilding CXX object sdk/c/ifxBase/CMakeFiles/sdk_base.dir/Mda.cpp.o[0m
[ 63%] [32mBuilding C object sdk/c/ifxBase/CMakeFiles/sdk_base.dir/Mem.c.o[0m
[ 64%] [32mBuilding C object sdk/c/ifxBase/CMakeFiles/sdk_base.dir/Util.c.o[0m
[ 64%] [32mBuilding C object sdk/c/ifxBase/CMakeFiles/sdk_base.dir/Uuid.c.o[0m
[ 65%] [32mBuilding C object sdk/c/ifxBase/CMakeFiles/sdk_base.dir/Vector.c.o[0m
[ 65%] [32mBuilding C object sdk/c/ifxBase/CMakeFiles/sdk_base.dir/Version.c.o[0m
[ 65%] [32mBuilding CXX object external/lib_avian/CMakeFiles/lib_avian.dir/src/ifxAvian_DeviceTraits.cpp.o[0m
[ 66%] [32mBuilding CXX object external/lib_avian/CMakeFiles/lib_avian.dir/src/ifxAvian_ErrorCodes.cpp.o[0m
[ 66%] [32mBuilding CXX object external/lib_avian/CMakeFiles/lib_avian.dir/src/ifxAvian_HwTest.cpp.o[0m
[ 66%] [32mBuilding CXX object external/lib_avian/CMakeFiles/lib_avian.dir/src/ifxAvian_ParameterExtractor.cpp.o[0m
[ 67%] [32mBuilding CXX object external/lib_avian/CMakeFiles/lib_avian.dir/src/ifxAvian_RegisterSet.cpp.o[0m
[ 67%] [32mBuilding CXX object external/lib_avian/CMakeFiles/lib_avian.dir/src/ifxAvian_SensorMeter.cpp.o[0m
[ 67%] [32m[1mLinking CXX shared library ../../../bin/lib/libsdk_base.so[0m
[ 68%] [32mBuilding CXX object external/lib_avian/CMakeFiles/lib_avian.dir/src/ifxAvian_StrataUtilities.cpp.o[0m
[ 68%] Built target sdk_base
[ 68%] [32mBuilding CXX object external/lib_avian/CMakeFiles/lib_avian.dir/src/ifxAvian_Utilities.cpp.o[0m
[ 68%] [32mBuilding CXX object external/lib_avian/CMakeFiles/lib_avian.dir/src/ports/ifxAvian_DummyPort.cpp.o[0m
[ 69%] [32mBuilding C object sdk/c/ifxAlgo/CMakeFiles/sdk_algo.dir/2DMTI.c.o[0m
[ 69%] [32mBuilding C object sdk/c/ifxAlgo/CMakeFiles/sdk_algo.dir/DBSCAN.c.o[0m
[ 69%] [32mBuilding C object sdk/c/ifxAlgo/CMakeFiles/sdk_algo.dir/FFT.c.o[0m
[ 70%] [32mBuilding CXX object external/lib_avian/CMakeFiles/lib_avian.dir/src/ports/ifxAvian_StrataPort.cpp.o[0m
[ 71%] [32mBuilding C object sdk/c/ifxAlgo/CMakeFiles/sdk_algo.dir/MTI.c.o[0m
[ 71%] [32mBuilding C object sdk/c/ifxAlgo/CMakeFiles/sdk_algo.dir/OSCFAR.c.o[0m
[ 71%] [32mBuilding CXX object external/lib_avian/CMakeFiles/lib_avian.dir/src/timing_model/ModelBGT60TR11D.cpp.o[0m
[ 72%] [32mBuilding C object sdk/c/ifxAlgo/CMakeFiles/sdk_algo.dir/PreprocessedFFT.c.o[0m
[ 72%] [32mBuilding C object sdk/c/ifxAlgo/CMakeFiles/sdk_algo.dir/Signal.c.o[0m
[ 72%] [32mBuilding C object sdk/c/ifxAlgo/CMakeFiles/sdk_algo.dir/Window.c.o[0m
[ 73%] [32mBuilding CXX object external/lib_avian/CMakeFiles/lib_avian.dir/src/timing_model/ModelBGT60TRxxC.cpp.o[0m
[ 73%] [32mBuilding CXX object external/lib_avian/CMakeFiles/lib_avian.dir/src/timing_model/ModelBGT60TRxxD.cpp.o[0m
[ 73%] [32mBuilding CXX object external/lib_avian/CMakeFiles/lib_avian.dir/src/timing_model/SequenceParameters.cpp.o[0m
[ 75%] [32mBuilding CXX object external/lib_avian/CMakeFiles/lib_avian.dir/src/timing_model/StateSequence.cpp.o[0m
[ 76%] [32m[1mLinking CXX shared library ../../../bin/lib/libsdk_algo.so[0m
[ 76%] Built target sdk_algo
[ 76%] [32mBuilding CXX object external/lib_avian/CMakeFiles/lib_avian.dir/src/value_conversion/ifxAvian_RfConversion.cpp.o[0m
[ 77%] [32mBuilding CXX object external/lib_avian/CMakeFiles/lib_avian.dir/src/value_conversion/ifxAvian_TimingConversion.cpp.o[0m
[ 77%] [32m[1mLinking CXX shared library ../../bin/lib/liblib_avian.so[0m
[ 77%] Built target lib_avian
[ 77%] [32mBuilding CXX object sdk/c/ifxRadarDeviceCommon/CMakeFiles/sdk_radar_device_common.dir/RadarDeviceCommon.cpp.o[0m
[ 77%] [32m[1mLinking CXX shared library ../../../bin/lib/libsdk_radar_device_common.so[0m
[ 77%] Built target sdk_radar_device_common
[ 79%] [32mBuilding CXX object sdk/c/ifxLtr11/CMakeFiles/sdk_ltr11.dir/DeviceLtr11Impl.cpp.o[0m
[ 79%] [32mBuilding C object sdk/c/ifxFmcw/CMakeFiles/sdk_fmcw.dir/DeviceFmcwTypes.c.o[0m
[ 79%] [32mBuilding C object sdk/c/ifxCw/CMakeFiles/sdk_cw.dir/DeviceCwTypes.c.o[0m
[ 79%] [32mBuilding CXX object sdk/c/ifxCw/CMakeFiles/sdk_cw.dir/DeviceCwBase.cpp.o[0m
[ 79%] [32mBuilding CXX object sdk/c/ifxMimose/CMakeFiles/sdk_mimose.dir/DeviceMimose.cpp.o[0m
[ 79%] [32mBuilding CXX object sdk/c/ifxLtr11/CMakeFiles/sdk_ltr11.dir/DeviceLtr11.cpp.o[0m
[ 79%] [32mBuilding CXX object sdk/c/ifxFmcw/CMakeFiles/sdk_fmcw.dir/DeviceFmcw.cpp.o[0m
[ 79%] [32mBuilding CXX object sdk/c/ifxCw/CMakeFiles/sdk_cw.dir/DeviceCw.cpp.o[0m
[ 79%] [32mBuilding CXX object sdk/c/ifxCw/CMakeFiles/sdk_cw.dir/avian/DeviceCwAvian.cpp.o[0m
[ 80%] [32mBuilding CXX object sdk/c/ifxLtr11/CMakeFiles/sdk_ltr11.dir/DeviceLtr11Base.cpp.o[0m
[ 80%] [32mBuilding CXX object sdk/c/ifxLtr11/CMakeFiles/sdk_ltr11.dir/DeviceLtr11Dummy.cpp.o[0m
[ 80%] [32mBuilding CXX object sdk/c/ifxLtr11/CMakeFiles/sdk_ltr11.dir/DeviceLtr11RegisterConfigurator.cpp.o[0m
[ 81%] [32mBuilding CXX object sdk/c/ifxFmcw/CMakeFiles/sdk_fmcw.dir/DeviceFmcwBase.cpp.o[0m
[ 81%] [32mBuilding CXX object sdk/c/ifxFmcw/CMakeFiles/sdk_fmcw.dir/DeviceFmcwCWrapper.cpp.o[0m
[ 82%] [32mBuilding CXX object sdk/c/ifxFmcw/CMakeFiles/sdk_fmcw.dir/MetricsFmcw.cpp.o[0m
[ 83%] [32mBuilding CXX object sdk/c/ifxMimose/CMakeFiles/sdk_mimose.dir/DeviceMimoseImpl.cpp.o[0m
[ 83%] [32mBuilding CXX object sdk/c/ifxFmcw/CMakeFiles/sdk_fmcw.dir/avian/DeviceFmcwAvian.cpp.o[0m
[ 83%] [32mBuilding CXX object sdk/c/ifxMimose/CMakeFiles/sdk_mimose.dir/DeviceMimoseBase.cpp.o[0m
[ 83%] [32mBuilding CXX object sdk/c/ifxMimose/CMakeFiles/sdk_mimose.dir/DeviceMimoseDummy.cpp.o[0m
[ 84%] [32m[1mLinking CXX shared library ../../../bin/lib/libsdk_ltr11.so[0m
[ 84%] Built target sdk_ltr11
[ 85%] [32mBuilding CXX object sdk/c/ifxMimose/CMakeFiles/sdk_mimose.dir/DeviceMimoseRegisterConfigurator.cpp.o[0m
[ 86%] [32m[1mLinking CXX shared library ../../../bin/lib/libsdk_cw.so[0m
[ 86%] Built target sdk_cw
[ 86%] [32m[1mLinking CXX shared library ../../../bin/lib/libsdk_mimose.so[0m
[ 86%] Built target sdk_mimose
[ 86%] [32m[1mLinking CXX shared library ../../../bin/lib/libsdk_fmcw.so[0m
[ 86%] Built target sdk_fmcw
[ 88%] [32mBuilding C object examples/c/BGT60TR13C/raw_data/CMakeFiles/BGT60TR13C_raw_data_fmcw.dir/raw_data.c.o[0m
[ 88%] [32mBuilding CXX object sdk/c/ifxAvian/CMakeFiles/sdk_avian.dir/DeviceConfig.cpp.o[0m
[ 88%] [32mBuilding CXX object sdk/c/ifxAvian/CMakeFiles/sdk_avian.dir/Metrics.cpp.o[0m
[ 88%] [32mBuilding CXX object sdk/c/ifxAvian/CMakeFiles/sdk_avian.dir/DeviceControl.cpp.o[0m
[ 89%] [32m[1mLinking CXX executable ../../../../bin/BGT60TR13C_raw_data_fmcw[0m
[ 89%] Built target BGT60TR13C_raw_data_fmcw
[ 89%] [32m[1mLinking CXX shared library ../../../bin/lib/libsdk_avian.so[0m
[ 89%] Built target sdk_avian
[ 90%] [32mBuilding C object sdk/c/ifxRadar/CMakeFiles/sdk_radar.dir/AngleMonopulse.c.o[0m
[ 90%] [32mBuilding C object sdk/c/ifxRadar/CMakeFiles/sdk_radar.dir/AngleCapon.c.o[0m
[ 90%] [32mBuilding C object sdk/c/ifxRadar/CMakeFiles/sdk_radar.dir/DBF.c.o[0m
[ 91%] [32mBuilding CXX object sdk/c/ifxRadar/CMakeFiles/sdk_radar.dir/DeInterleaver.cpp.o[0m
[ 91%] [32mBuilding C object sdk/c/ifxRadar/CMakeFiles/sdk_radar.dir/PeakSearch.c.o[0m
[ 92%] [32mBuilding C object sdk/c/ifxRadar/CMakeFiles/sdk_radar.dir/RangeAngleImage.c.o[0m
[ 92%] [32mBuilding C object sdk/c/ifxRadar/CMakeFiles/sdk_radar.dir/RangeDopplerMap.c.o[0m
[ 92%] [32mBuilding C object sdk/c/ifxRadar/CMakeFiles/sdk_radar.dir/RangeSpectrum.c.o[0m
[ 93%] [32mBuilding CXX object sdk/c/ifxRadar/CMakeFiles/sdk_radar.dir/SpectrumAxis.cpp.o[0m
[ 93%] [32mBuilding C object sdk/c/ifxRadar/CMakeFiles/sdk_radar.dir/DopplerSpectrogram.c.o[0m
[ 94%] [32m[1mLinking CXX shared library ../../../bin/lib/libsdk_radar.so[0m
[ 94%] Built target sdk_radar
[ 95%] [32mBuilding C object examples/c/common/CMakeFiles/examples_common.dir/common.c.o[0m
[ 95%] [32mBuilding C object examples/c/common/CMakeFiles/examples_common.dir/time_formatter.c.o[0m
[ 96%] [32mBuilding CXX object examples/c/common/CMakeFiles/examples_common.dir/json.cpp.o[0m
[ 96%] [32mBuilding C object examples/c/common/CMakeFiles/examples_common.dir/util.c.o[0m
[ 96%] [32m[1mLinking CXX static library ../../../bin/lib/libexamples_common.a[0m
[ 96%] Built target examples_common
[ 97%] [32mBuilding C object examples/c/BGT60TR13C/continuous_wave/CMakeFiles/BGT60TR13C_continuous_wave.dir/continuous_wave.c.o[0m
[ 97%] [32mBuilding C object examples/c/BGT60TR13C/motion_angle/CMakeFiles/BGT60TR13C_motion_angle.dir/motion_angle.c.o[0m
[ 97%] [32mBuilding C object examples/c/BGT60TR13C/range_doppler_map/CMakeFiles/BGT60TR13C_range_doppler_map.dir/range_doppler_map.c.o[0m
[ 98%] [32mBuilding C object examples/c/BGT60TR13C/presence_detection/CMakeFiles/BGT60TR13C_presence_detection.dir/presence_detection.c.o[0m
[ 98%] [32mBuilding C object examples/c/BGT60TR13C/segmentation/CMakeFiles/BGT60TR13C_segmentation.dir/segmentation.c.o[0m
[ 98%] [32m[1mLinking CXX executable ../../../../bin/BGT60TR13C_presence_detection[0m
[100%] [32m[1mLinking CXX executable ../../../../bin/BGT60TR13C_range_doppler_map[0m
[100%] [32m[1mLinking CXX executable ../../../../bin/BGT60TR13C_segmentation[0m
[100%] [32m[1mLinking CXX executable ../../../../bin/BGT60TR13C_motion_angle[0m
[100%] [32m[1mLinking CXX executable ../../../../bin/BGT60TR13C_continuous_wave[0m
[100%] Built target BGT60TR13C_range_doppler_map
[100%] Built target BGT60TR13C_motion_angle
[100%] Built target BGT60TR13C_continuous_wave
[100%] Built target BGT60TR13C_presence_detection
[100%] Built target BGT60TR13C_segmentation
-- Install configuration: ""
